Copyright 1986-2015 Xilinx, Inc. All Rights Reserved.
---------------------------------------------------------------------------------------------------
| Tool Version : Vivado v.2015.2 (lin64) Build 1266856 Fri Jun 26 16:35:25 MDT 2015
| Date         : Thu Oct 14 12:31:00 2021
| Host         : zach-333-em3-24.engr.tamu.edu running 64-bit CentOS Linux release 7.9.2009 (Core)
| Command      : report_control_sets -verbose -file multiply_wrapper_control_sets_placed.rpt
| Design       : multiply_wrapper
| Device       : xc7z010
---------------------------------------------------------------------------------------------------

Control Set Information

Table of Contents
-----------------
1. Summary
2. Flip-Flop Distribution
3. Detailed Control Set Information

1. Summary
----------

+-------------------------------------------------------------------+-------+
|                               Status                              | Count |
+-------------------------------------------------------------------+-------+
| Number of unique control sets                                     |    32 |
| Minimum Number of register sites lost to control set restrictions |    84 |
+-------------------------------------------------------------------+-------+


2. Flip-Flop Distribution
-------------------------

+--------------+-----------------------+------------------------+-----------------+--------------+
| Clock Enable | Synchronous Set/Reset | Asynchronous Set/Reset | Total Registers | Total Slices |
+--------------+-----------------------+------------------------+-----------------+--------------+
| No           | No                    | No                     |             112 |           37 |
| No           | No                    | Yes                    |               0 |            0 |
| No           | Yes                   | No                     |             248 |           60 |
| Yes          | No                    | No                     |             270 |           60 |
| Yes          | No                    | Yes                    |               0 |            0 |
| Yes          | Yes                   | No                     |              54 |           19 |
+--------------+-----------------------+------------------------+-----------------+--------------+


3. Detailed Control Set Information
-----------------------------------

+-------------------------------------------------+----------------------------------------------------------------------------------------------------------------------------------------------------------------+---------------------------------------------------------------------------------------------------------------------------------------------------------+------------------+----------------+
|                   Clock Signal                  |                                                                          Enable Signal                                                                         |                                                                     Set/Reset Signal                                                                    | Slice Load Count | Bel Load Count |
+-------------------------------------------------+----------------------------------------------------------------------------------------------------------------------------------------------------------------+---------------------------------------------------------------------------------------------------------------------------------------------------------+------------------+----------------+
|  multiply_i/processing_system7_0/inst/FCLK_CLK0 | multiply_i/processing_system7_0_axi_periph/s00_couplers/auto_pc/inst/gen_axilite.gen_b2s_conv.axilite_b2s/WR.b_channel_0/bid_fifo_0/bresp_push                 |                                                                                                                                                         |                1 |              2 |
|  multiply_i/processing_system7_0/inst/FCLK_CLK0 | multiply_i/processing_system7_0_axi_periph/s00_couplers/auto_pc/inst/gen_axilite.gen_b2s_conv.axilite_b2s/RD.ar_channel_0/ar_cmd_fsm_0/axlen_cnt_reg[4]        | multiply_i/processing_system7_0_axi_periph/s00_couplers/auto_pc/inst/gen_axilite.gen_b2s_conv.axilite_b2s/RD.ar_channel_0/ar_cmd_fsm_0/axlen_cnt_reg[7] |                1 |              4 |
|  multiply_i/processing_system7_0/inst/FCLK_CLK0 | multiply_i/processing_system7_0_axi_periph/s00_couplers/auto_pc/inst/gen_axilite.gen_b2s_conv.axilite_b2s/WR.aw_channel_0/aw_cmd_fsm_0/axlen_cnt_reg[4]_0      |                                                                                                                                                         |                2 |              4 |
|  multiply_i/processing_system7_0/inst/FCLK_CLK0 | multiply_i/processing_system7_0_axi_periph/s00_couplers/auto_pc/inst/gen_axilite.gen_b2s_conv.axilite_b2s/WR.aw_channel_0/aw_cmd_fsm_0/axlen_cnt_reg[4]_0      | multiply_i/processing_system7_0_axi_periph/s00_couplers/auto_pc/inst/gen_axilite.gen_b2s_conv.axilite_b2s/WR.aw_channel_0/aw_cmd_fsm_0/axlen_cnt_reg[7] |                1 |              4 |
|  multiply_i/processing_system7_0/inst/FCLK_CLK0 | multiply_i/processing_system7_0_axi_periph/s00_couplers/auto_pc/inst/gen_axilite.gen_b2s_conv.axilite_b2s/WR.aw_channel_0/aw_cmd_fsm_0/axaddr_incr_reg[0]      |                                                                                                                                                         |                1 |              4 |
|  multiply_i/processing_system7_0/inst/FCLK_CLK0 | multiply_i/processing_system7_0_axi_periph/s00_couplers/auto_pc/inst/gen_axilite.gen_b2s_conv.axilite_b2s/WR.aw_channel_0/aw_cmd_fsm_0/axlen_cnt_reg[0]_0[0]   |                                                                                                                                                         |                1 |              4 |
|  multiply_i/processing_system7_0/inst/FCLK_CLK0 | multiply_i/processing_system7_0_axi_periph/s00_couplers/auto_pc/inst/gen_axilite.gen_b2s_conv.axilite_b2s/WR.aw_channel_0/aw_cmd_fsm_0/axaddr_wrap_reg[0][0]   |                                                                                                                                                         |                1 |              4 |
|  multiply_i/processing_system7_0/inst/FCLK_CLK0 | multiply_i/processing_system7_0_axi_periph/s00_couplers/auto_pc/inst/gen_axilite.gen_b2s_conv.axilite_b2s/RD.ar_channel_0/ar_cmd_fsm_0/axaddr_incr_reg[0]      |                                                                                                                                                         |                1 |              4 |
|  multiply_i/processing_system7_0/inst/FCLK_CLK0 | multiply_i/processing_system7_0_axi_periph/s00_couplers/auto_pc/inst/gen_axilite.gen_b2s_conv.axilite_b2s/RD.ar_channel_0/ar_cmd_fsm_0/axlen_cnt_reg[4]        |                                                                                                                                                         |                1 |              4 |
|  multiply_i/processing_system7_0/inst/FCLK_CLK0 | multiply_i/processing_system7_0_axi_periph/s00_couplers/auto_pc/inst/gen_axilite.gen_b2s_conv.axilite_b2s/RD.ar_channel_0/ar_cmd_fsm_0/E[0]                    |                                                                                                                                                         |                2 |              4 |
|  multiply_i/processing_system7_0/inst/FCLK_CLK0 | multiply_i/processing_system7_0_axi_periph/s00_couplers/auto_pc/inst/gen_axilite.gen_b2s_conv.axilite_b2s/RD.ar_channel_0/ar_cmd_fsm_0/axaddr_wrap_reg[0][0]   |                                                                                                                                                         |                2 |              4 |
|  multiply_i/processing_system7_0/inst/FCLK_CLK0 | multiply_i/processing_system7_0_axi_periph/s00_couplers/auto_pc/inst/gen_axilite.gen_b2s_conv.axilite_b2s/RD.ar_channel_0/ar_cmd_fsm_0/axlen_cnt_reg[0][0]     |                                                                                                                                                         |                1 |              4 |
|  multiply_i/processing_system7_0/inst/FCLK_CLK0 | multiply_i/processing_system7_0_axi_periph/s00_couplers/auto_pc/inst/gen_axilite.gen_b2s_conv.axilite_b2s/WR.aw_channel_0/aw_cmd_fsm_0/E[0]                    |                                                                                                                                                         |                2 |              4 |
|  multiply_i/processing_system7_0/inst/FCLK_CLK0 |                                                                                                                                                                | multiply_i/rst_processing_system7_0_100M/U0/EXT_LPF/lpf_int                                                                                             |                2 |              4 |
|  multiply_i/processing_system7_0/inst/FCLK_CLK0 | multiply_i/rst_processing_system7_0_100M/U0/SEQ/seq_cnt_en                                                                                                     | multiply_i/rst_processing_system7_0_100M/U0/SEQ/SEQ_COUNTER/clear                                                                                       |                1 |              6 |
|  multiply_i/processing_system7_0/inst/FCLK_CLK0 | multiply_i/processing_system7_0_axi_periph/s00_couplers/auto_pc/inst/gen_axilite.gen_b2s_conv.axilite_b2s/WR.b_channel_0/mhandshake_r                          | multiply_i/processing_system7_0_axi_periph/s00_couplers/auto_pc/inst/gen_axilite.gen_b2s_conv.axilite_b2s/WR.b_channel_0/bid_fifo_0/SR[0]               |                2 |              8 |
|  multiply_i/processing_system7_0/inst/FCLK_CLK0 |                                                                                                                                                                | multiply_i/processing_system7_0_axi_periph/s00_couplers/auto_pc/inst/gen_axilite.gen_b2s_conv.axilite_b2s/SI_REG/ar_pipe/SR[0]                          |                4 |              8 |
|  multiply_i/processing_system7_0/inst/FCLK_CLK0 | multiply_i/processing_system7_0_axi_periph/s00_couplers/auto_pc/inst/gen_axilite.gen_b2s_conv.axilite_b2s/RD.r_channel_0/r_push_r                              |                                                                                                                                                         |                4 |             13 |
|  multiply_i/processing_system7_0/inst/FCLK_CLK0 | multiply_i/processing_system7_0_axi_periph/s00_couplers/auto_pc/inst/gen_axilite.gen_b2s_conv.axilite_b2s/SI_REG/b_pipe/skid_buffer_reg[0]_0                   |                                                                                                                                                         |                3 |             14 |
|  multiply_i/processing_system7_0/inst/FCLK_CLK0 | multiply_i/processing_system7_0_axi_periph/s00_couplers/auto_pc/inst/gen_axilite.gen_b2s_conv.axilite_b2s/SI_REG/b_pipe/p_1_in                                 |                                                                                                                                                         |                3 |             14 |
|  multiply_i/processing_system7_0/inst/FCLK_CLK0 | multiply_i/processing_system7_0_axi_periph/s00_couplers/auto_pc/inst/gen_axilite.gen_b2s_conv.axilite_b2s/WR.aw_channel_0/aw_cmd_fsm_0/m_payload_i_reg[0]      |                                                                                                                                                         |                4 |             20 |
|  multiply_i/processing_system7_0/inst/FCLK_CLK0 | multiply_i/processing_system7_0_axi_periph/s00_couplers/auto_pc/inst/gen_axilite.gen_b2s_conv.axilite_b2s/SI_REG/aw_pipe/skid_buffer_reg[0]_0                  |                                                                                                                                                         |                5 |             27 |
|  multiply_i/processing_system7_0/inst/FCLK_CLK0 | multiply_i/processing_system7_0_axi_periph/s00_couplers/auto_pc/inst/gen_axilite.gen_b2s_conv.axilite_b2s/WR.aw_channel_0/aw_cmd_fsm_0/m_payload_i_reg[0]_0[0] |                                                                                                                                                         |                6 |             27 |
|  multiply_i/processing_system7_0/inst/FCLK_CLK0 | multiply_i/processing_system7_0_axi_periph/s00_couplers/auto_pc/inst/gen_axilite.gen_b2s_conv.axilite_b2s/SI_REG/ar_pipe/skid_buffer_reg[0]_0                  |                                                                                                                                                         |                5 |             27 |
|  multiply_i/processing_system7_0/inst/FCLK_CLK0 | multiply_i/processing_system7_0_axi_periph/s00_couplers/auto_pc/inst/gen_axilite.gen_b2s_conv.axilite_b2s/RD.ar_channel_0/ar_cmd_fsm_0/m_payload_i_reg[0][0]   |                                                                                                                                                         |                5 |             27 |
|  multiply_i/processing_system7_0/inst/FCLK_CLK0 | multiply_i/multiply_0/inst/multiply_v2015_0_S00_AXI_inst/slv_reg_rden                                                                                          | multiply_i/multiply_0/inst/multiply_v2015_0_S00_AXI_inst/axi_awready_i_1_n_0                                                                            |               14 |             32 |
|  multiply_i/processing_system7_0/inst/FCLK_CLK0 | multiply_i/processing_system7_0_axi_periph/s00_couplers/auto_pc/inst/gen_axilite.gen_b2s_conv.axilite_b2s/RD.r_channel_0/rd_data_fifo_0/wr_en0                 |                                                                                                                                                         |               10 |             34 |
|  multiply_i/processing_system7_0/inst/FCLK_CLK0 | multiply_i/processing_system7_0_axi_periph/s00_couplers/auto_pc/inst/gen_axilite.gen_b2s_conv.axilite_b2s/SI_REG/r_pipe/p_1_in                                 |                                                                                                                                                         |                9 |             47 |
|  multiply_i/processing_system7_0/inst/FCLK_CLK0 | multiply_i/processing_system7_0_axi_periph/s00_couplers/auto_pc/inst/gen_axilite.gen_b2s_conv.axilite_b2s/SI_REG/r_pipe/skid_buffer_reg[0]_0                   |                                                                                                                                                         |               10 |             47 |
|  multiply_i/processing_system7_0/inst/FCLK_CLK0 |                                                                                                                                                                | multiply_i/processing_system7_0_axi_periph/s00_couplers/auto_pc/inst/gen_axilite.gen_b2s_conv.axilite_b2s/areset_d1                                     |               17 |             69 |
|  multiply_i/processing_system7_0/inst/FCLK_CLK0 |                                                                                                                                                                |                                                                                                                                                         |               38 |            113 |
|  multiply_i/processing_system7_0/inst/FCLK_CLK0 |                                                                                                                                                                | multiply_i/multiply_0/inst/multiply_v2015_0_S00_AXI_inst/axi_awready_i_1_n_0                                                                            |               37 |            167 |
+-------------------------------------------------+----------------------------------------------------------------------------------------------------------------------------------------------------------------+---------------------------------------------------------------------------------------------------------------------------------------------------------+------------------+----------------+


